INFO:root:=== Starting FOLLOW ===
INFO:root:Cookie pop-up not displayed or the button was not found.
ERROR:root:Connection failed.
ERROR:root:Error loading target page: Message: no such window: target window already closed
from unknown error: web view not found
  (Session info: chrome=131.0.6778.265)
Stacktrace:
	GetHandleVerifier [0x00007FF728366CB5+28821]
	(No symbol) [0x00007FF7282D3840]
	(No symbol) [0x00007FF72817578A]
	(No symbol) [0x00007FF72814F4F5]
	(No symbol) [0x00007FF7281F6247]
	(No symbol) [0x00007FF72820ECE2]
	(No symbol) [0x00007FF7281EF0A3]
	(No symbol) [0x00007FF7281BA778]
	(No symbol) [0x00007FF7281BB8E1]
	GetHandleVerifier [0x00007FF72869FCAD+3408013]
	GetHandleVerifier [0x00007FF7286B741F+3504127]
	GetHandleVerifier [0x00007FF7286AB5FD+3455453]
	GetHandleVerifier [0x00007FF72842BDBB+835995]
	(No symbol) [0x00007FF7282DEB5F]
	(No symbol) [0x00007FF7282DA814]
	(No symbol) [0x00007FF7282DA9AD]
	(No symbol) [0x00007FF7282CA199]
	BaseThreadInitThunk [0x00007FFF14247374+20]
	RtlUserThreadStart [0x00007FFF160DCC91+33]

ERROR:root:Error in run_follow: Message: no such window: target window already closed
from unknown error: web view not found
  (Session info: chrome=131.0.6778.265)
Stacktrace:
	GetHandleVerifier [0x00007FF728366CB5+28821]
	(No symbol) [0x00007FF7282D3840]
	(No symbol) [0x00007FF72817578A]
	(No symbol) [0x00007FF72814F4F5]
	(No symbol) [0x00007FF7281F6247]
	(No symbol) [0x00007FF72820ECE2]
	(No symbol) [0x00007FF7281EF0A3]
	(No symbol) [0x00007FF7281BA778]
	(No symbol) [0x00007FF7281BB8E1]
	GetHandleVerifier [0x00007FF72869FCAD+3408013]
	GetHandleVerifier [0x00007FF7286B741F+3504127]
	GetHandleVerifier [0x00007FF7286AB5FD+3455453]
	GetHandleVerifier [0x00007FF72842BDBB+835995]
	(No symbol) [0x00007FF7282DEB5F]
	(No symbol) [0x00007FF7282DA814]
	(No symbol) [0x00007FF7282DA9AD]
	(No symbol) [0x00007FF7282CA199]
	BaseThreadInitThunk [0x00007FFF14247374+20]
	RtlUserThreadStart [0x00007FFF160DCC91+33]
Traceback (most recent call last):
  File "gui\gui.py", line 321, in run_follow
  File "bot\bot.py", line 64, in load_target_page
  File "bot\follow_manager.py", line 50, in load_target_page
  File "selenium\webdriver\support\wait.py", line 96, in until
  File "selenium\webdriver\support\expected_conditions.py", line 125, in _predicate
  File "selenium\webdriver\remote\webdriver.py", line 444, in current_url
  File "selenium\webdriver\remote\webdriver.py", line 354, in execute
  File "selenium\webdriver\remote\errorhandler.py", line 229, in check_response
selenium.common.exceptions.NoSuchWindowException: Message: no such window: target window already closed
from unknown error: web view not found
  (Session info: chrome=131.0.6778.265)
Stacktrace:
	GetHandleVerifier [0x00007FF728366CB5+28821]
	(No symbol) [0x00007FF7282D3840]
	(No symbol) [0x00007FF72817578A]
	(No symbol) [0x00007FF72814F4F5]
	(No symbol) [0x00007FF7281F6247]
	(No symbol) [0x00007FF72820ECE2]
	(No symbol) [0x00007FF7281EF0A3]
	(No symbol) [0x00007FF7281BA778]
	(No symbol) [0x00007FF7281BB8E1]
	GetHandleVerifier [0x00007FF72869FCAD+3408013]
	GetHandleVerifier [0x00007FF7286B741F+3504127]
	GetHandleVerifier [0x00007FF7286AB5FD+3455453]
	GetHandleVerifier [0x00007FF72842BDBB+835995]
	(No symbol) [0x00007FF7282DEB5F]
	(No symbol) [0x00007FF7282DA814]
	(No symbol) [0x00007FF7282DA9AD]
	(No symbol) [0x00007FF7282CA199]
	BaseThreadInitThunk [0x00007FFF14247374+20]
	RtlUserThreadStart [0x00007FFF160DCC91+33]

